2026-05-19 19:03:31,506 [INFO] Loaded 0 existing ad IDs from scraper/data/avtoelon_car_data.csv
2026-05-19 19:03:31,507 [INFO] ============================================================
2026-05-19 19:03:31,507 [INFO] AvtoElon scraper started
2026-05-19 19:03:31,507 [INFO] TEST MODE — will stop after 5 new listings
2026-05-19 19:03:31,507 [INFO] ============================================================
2026-05-19 19:03:33,345 [INFO] Page 1: found 28 listing URLs
2026-05-19 19:03:33,970 [INFO] [1] Scraped: https://avtoelon.uz/a/show/6777414
2026-05-19 19:03:36,692 [INFO] [2] Scraped: https://avtoelon.uz/a/show/7204534
2026-05-19 19:03:39,294 [INFO] [3] Scraped: https://avtoelon.uz/a/show/7260177
2026-05-19 19:03:41,621 [INFO] [4] Scraped: https://avtoelon.uz/a/show/7246028
2026-05-19 19:03:43,706 [INFO] [5] Scraped: https://avtoelon.uz/a/show/7040517
2026-05-19 19:03:43,706 [INFO] Test limit (5) reached.
2026-05-19 19:03:43,708 [INFO] Saved 5 new rows → scraper/data/avtoelon_car_data.csv (total 5)
2026-05-19 19:04:06,770 [INFO] Loaded 5 existing ad IDs from scraper/data/avtoelon_car_data.csv
2026-05-19 19:04:06,771 [INFO] ============================================================
2026-05-19 19:04:06,771 [INFO] AvtoElon scraper started
2026-05-19 19:04:06,771 [INFO] TEST MODE — will stop after 5 new listings
2026-05-19 19:04:06,771 [INFO] ============================================================
2026-05-19 19:04:08,559 [INFO] Page 1: found 28 listing URLs
2026-05-19 19:04:09,184 [INFO] [1] Scraped: https://avtoelon.uz/a/show/7260171
2026-05-19 19:04:12,643 [INFO] [2] Scraped: https://avtoelon.uz/a/show/7268433
2026-05-19 19:04:15,426 [INFO] [3] Scraped: https://avtoelon.uz/a/show/7268462
2026-05-19 19:04:18,610 [INFO] [4] Scraped: https://avtoelon.uz/a/show/7256710
2026-05-19 19:04:21,083 [INFO] [5] Scraped: https://avtoelon.uz/a/show/7268463
2026-05-19 19:04:21,083 [INFO] Test limit (5) reached.
2026-05-19 19:04:21,085 [INFO] Saved 5 new rows → scraper/data/avtoelon_car_data.csv (total 10)
2026-05-19 19:29:43,489 [INFO] Loaded 10 existing ad IDs from scraper/data/avtoelon_car_data.csv
2026-05-19 19:29:43,489 [INFO] ============================================================
2026-05-19 19:29:43,489 [INFO] AvtoElon scraper started
2026-05-19 19:29:43,489 [INFO] TEST MODE — will stop after 50 new listings
2026-05-19 19:29:43,489 [INFO] ============================================================
2026-05-19 19:29:44,903 [INFO] Page 1: found 30 listing URLs
2026-05-19 19:29:45,386 [INFO] [1] Scraped: https://avtoelon.uz/a/show/7264305
2026-05-19 19:29:47,498 [INFO] [2] Scraped: https://avtoelon.uz/a/show/7264295
2026-05-19 19:29:49,710 [INFO] [3] Scraped: https://avtoelon.uz/a/show/7262123
2026-05-19 19:29:53,339 [INFO] [4] Scraped: https://avtoelon.uz/a/show/7268561
2026-05-19 19:29:56,878 [INFO] [5] Scraped: https://avtoelon.uz/a/show/7267356
2026-05-19 19:29:59,646 [INFO] [6] Scraped: https://avtoelon.uz/a/show/7237963
2026-05-19 19:30:02,873 [INFO] [7] Scraped: https://avtoelon.uz/a/show/7131971
2026-05-19 19:30:05,613 [INFO] [8] Scraped: https://avtoelon.uz/a/show/7209974
2026-05-19 19:30:09,337 [INFO] [9] Scraped: https://avtoelon.uz/a/show/7260240
2026-05-19 19:30:12,003 [INFO] [10] Scraped: https://avtoelon.uz/a/show/7225048
2026-05-19 19:30:15,597 [INFO] [11] Scraped: https://avtoelon.uz/a/show/7113349
2026-05-19 19:30:17,961 [INFO] [12] Scraped: https://avtoelon.uz/a/show/7219245
2026-05-19 19:30:20,652 [INFO] [13] Scraped: https://avtoelon.uz/a/show/7189816
2026-05-19 19:30:22,839 [INFO] [14] Scraped: https://avtoelon.uz/a/show/7260234
2026-05-19 19:30:25,890 [INFO] [15] Scraped: https://avtoelon.uz/a/show/7257599
2026-05-19 19:30:27,987 [INFO] [16] Scraped: https://avtoelon.uz/a/show/7260217
2026-05-19 19:30:31,081 [INFO] [17] Scraped: https://avtoelon.uz/a/show/7179407
2026-05-19 19:30:34,098 [INFO] [18] Scraped: https://avtoelon.uz/a/show/7248946
2026-05-19 19:30:36,932 [INFO] [19] Scraped: https://avtoelon.uz/a/show/7268542
2026-05-19 19:30:39,373 [INFO] [20] Scraped: https://avtoelon.uz/a/show/7268535
2026-05-19 19:30:42,537 [INFO] [21] Scraped: https://avtoelon.uz/a/show/7250009
2026-05-19 19:30:45,091 [INFO] [22] Scraped: https://avtoelon.uz/a/show/5226918
2026-05-19 19:30:47,327 [INFO] [23] Scraped: https://avtoelon.uz/a/show/7221344
2026-05-19 19:30:49,844 [INFO] [24] Scraped: https://avtoelon.uz/a/show/7193951
2026-05-19 19:30:53,057 [INFO] [25] Scraped: https://avtoelon.uz/a/show/7047538
2026-05-19 19:30:56,234 [INFO] [26] Scraped: https://avtoelon.uz/a/show/7259142
2026-05-19 19:30:58,978 [INFO] [27] Scraped: https://avtoelon.uz/a/show/7205003
2026-05-19 19:31:02,072 [INFO] [28] Scraped: https://avtoelon.uz/a/show/7221357
2026-05-19 19:31:04,827 [INFO] [29] Scraped: https://avtoelon.uz/a/show/7245685
2026-05-19 19:31:08,318 [INFO] [30] Scraped: https://avtoelon.uz/a/show/7240899
2026-05-19 19:31:10,641 [INFO] Saved 30 new rows → scraper/data/avtoelon_car_data.csv (total 40)
2026-05-19 19:31:10,642 [INFO] Finished page 1/1000 — 30 new total
2026-05-19 19:31:13,160 [INFO] Page 2: found 30 listing URLs
2026-05-19 19:31:13,741 [INFO] [31] Scraped: https://avtoelon.uz/a/show/7198802
2026-05-19 19:31:15,854 [INFO] [32] Scraped: https://avtoelon.uz/a/show/7221690
2026-05-19 19:31:18,400 [INFO] [33] Scraped: https://avtoelon.uz/a/show/7198787
2026-05-19 19:31:20,891 [INFO] [34] Scraped: https://avtoelon.uz/a/show/7268191
2026-05-19 19:31:24,193 [INFO] [35] Scraped: https://avtoelon.uz/a/show/7171701
2026-05-19 19:31:27,142 [INFO] Saved 5 new rows → scraper/data/avtoelon_car_data.csv (total 45)
2026-05-19 19:31:27,313 [INFO] Finished page 2/1000 — 35 new total
2026-05-19 19:31:30,611 [INFO] Page 3: found 30 listing URLs
2026-05-19 19:31:31,489 [INFO] [36] Scraped: https://avtoelon.uz/a/show/7246066
2026-05-19 19:31:34,706 [INFO] [37] Scraped: https://avtoelon.uz/a/show/7266324
2026-05-19 19:31:38,014 [INFO] [38] Scraped: https://avtoelon.uz/a/show/7128337
2026-05-19 19:31:40,072 [INFO] [39] Scraped: https://avtoelon.uz/a/show/7103753
2026-05-19 19:31:43,747 [INFO] [40] Scraped: https://avtoelon.uz/a/show/7240587
2026-05-19 19:31:46,730 [INFO] [41] Scraped: https://avtoelon.uz/a/show/6005905
2026-05-19 19:31:48,807 [INFO] [42] Scraped: https://avtoelon.uz/a/show/7268529
2026-05-19 19:31:51,117 [INFO] [43] Scraped: https://avtoelon.uz/a/show/7262334
2026-05-19 19:31:54,113 [INFO] [44] Scraped: https://avtoelon.uz/a/show/7114344
2026-05-19 19:31:57,061 [INFO] [45] Scraped: https://avtoelon.uz/a/show/7206926
2026-05-19 19:31:59,510 [INFO] [46] Scraped: https://avtoelon.uz/a/show/7243199
2026-05-19 19:32:02,021 [INFO] [47] Scraped: https://avtoelon.uz/a/show/7251337
2026-05-19 19:32:04,506 [INFO] [48] Scraped: https://avtoelon.uz/a/show/7212650
2026-05-19 19:32:07,995 [INFO] [49] Scraped: https://avtoelon.uz/a/show/7153040
2026-05-19 19:32:11,122 [INFO] [50] Scraped: https://avtoelon.uz/a/show/7266294
2026-05-19 19:32:11,122 [INFO] Test limit (50) reached.
2026-05-19 19:32:11,126 [INFO] Saved 15 new rows → scraper/data/avtoelon_car_data.csv (total 60)
2026-05-19 23:13:52,814 [INFO] Loaded 60 existing ad IDs from scraper/data/avtoelon_car_data.csv
2026-05-19 23:13:52,815 [INFO] ============================================================
2026-05-19 23:13:52,815 [INFO] AvtoElon scraper started
2026-05-19 23:13:52,815 [INFO] TEST MODE — will stop after 10 new listings
2026-05-19 23:13:52,815 [INFO] ============================================================
2026-05-19 23:13:54,333 [INFO] Page 1: found 29 listing URLs
2026-05-19 23:13:55,227 [INFO] [1] Scraped: https://avtoelon.uz/a/show/7259746
2026-05-19 23:13:57,692 [INFO] [2] Scraped: https://avtoelon.uz/a/show/6665751
2026-05-19 23:14:00,598 [INFO] [3] Scraped: https://avtoelon.uz/a/show/7268899
2026-05-19 23:14:03,594 [INFO] [4] Scraped: https://avtoelon.uz/a/show/7223938
2026-05-19 23:14:06,459 [INFO] [5] Scraped: https://avtoelon.uz/a/show/7258078
2026-05-19 23:14:09,831 [INFO] [6] Scraped: https://avtoelon.uz/a/show/7230402
2026-05-19 23:14:12,580 [INFO] [7] Scraped: https://avtoelon.uz/a/show/7088767
2026-05-19 23:14:15,834 [INFO] [8] Scraped: https://avtoelon.uz/a/show/7002057
2026-05-19 23:14:19,111 [INFO] [9] Scraped: https://avtoelon.uz/a/show/7254267
2026-05-19 23:14:22,742 [INFO] [10] Scraped: https://avtoelon.uz/a/show/7249561
2026-05-19 23:14:22,742 [INFO] Test limit (10) reached.
2026-05-19 23:14:22,747 [INFO] Saved 10 new rows → scraper/data/avtoelon_car_data.csv (total 70)
2026-05-20 20:59:41,250 [INFO] Loaded 0 existing ad IDs from scraper/data/test_run.csv
2026-05-20 20:59:41,252 [INFO] ============================================================
2026-05-20 20:59:41,252 [INFO] AvtoElon scraper started
2026-05-20 20:59:41,252 [INFO] TEST MODE — will stop after 3 new listings
2026-05-20 20:59:41,252 [INFO] ============================================================
2026-05-20 20:59:43,253 [INFO] Page 1: found 30 listing URLs
2026-05-20 20:59:43,667 [INFO] [1] Scraped: https://avtoelon.uz/a/show/7264039
2026-05-20 20:59:46,807 [INFO] [2] Scraped: https://avtoelon.uz/a/show/7268698
2026-05-20 20:59:49,895 [INFO] [3] Scraped: https://avtoelon.uz/a/show/6777708
2026-05-20 20:59:49,895 [INFO] Test limit (3) reached.
2026-05-20 20:59:49,896 [INFO] Saved 3 new rows → scraper/data/test_run.csv (total 3)
2026-05-20 21:06:26,672 [INFO] Loaded 70 existing ad IDs from scraper/data/avtoelon_car_data.csv
2026-05-20 21:06:26,673 [INFO] ============================================================
2026-05-20 21:06:26,673 [INFO] AvtoElon scraper started
2026-05-20 21:06:26,673 [INFO] TEST MODE — will stop after 10 new listings
2026-05-20 21:06:26,673 [INFO] ============================================================
2026-05-20 21:06:28,160 [INFO] Page 1: found 30 listing URLs
2026-05-20 21:06:28,587 [INFO] [1] Scraped: https://avtoelon.uz/a/show/7033411
2026-05-20 21:06:32,067 [INFO] [2] Scraped: https://avtoelon.uz/a/show/7210378
2026-05-20 21:06:35,530 [INFO] [3] Scraped: https://avtoelon.uz/a/show/7242136
2026-05-20 21:06:38,526 [INFO] [4] Scraped: https://avtoelon.uz/a/show/7259794
2026-05-20 21:06:42,245 [INFO] [5] Scraped: https://avtoelon.uz/a/show/7268726
2026-05-20 21:06:45,759 [INFO] [6] Scraped: https://avtoelon.uz/a/show/7213199
2026-05-20 21:06:48,311 [INFO] [7] Scraped: https://avtoelon.uz/a/show/6682226
2026-05-20 21:06:51,702 [INFO] [8] Scraped: https://avtoelon.uz/a/show/7256324
2026-05-20 21:06:54,894 [INFO] [9] Scraped: https://avtoelon.uz/a/show/7260456
2026-05-20 21:06:58,272 [INFO] [10] Scraped: https://avtoelon.uz/a/show/7255218
2026-05-20 21:06:58,274 [INFO] Test limit (10) reached.
2026-05-20 21:06:58,278 [INFO] Saved 10 new rows → scraper/data/avtoelon_car_data.csv (total 80)
2026-05-20 21:19:27,324 [INFO] Loaded 80 existing ad IDs from scraper/data/avtoelon_car_data.csv
2026-05-20 21:19:27,327 [INFO] ============================================================
2026-05-20 21:19:27,327 [INFO] AvtoElon scraper started
2026-05-20 21:19:27,327 [INFO] ============================================================
2026-05-20 21:19:43,904 [INFO] Page 1: found 30 listing URLs
2026-05-20 21:19:44,386 [INFO] [1] Scraped: https://avtoelon.uz/a/show/7267902
2026-05-20 21:19:47,067 [INFO] [2] Scraped: https://avtoelon.uz/a/show/7138450
2026-05-20 21:19:51,064 [INFO] [3] Scraped: https://avtoelon.uz/a/show/7238223
2026-05-20 21:19:56,038 [INFO] [4] Scraped: https://avtoelon.uz/a/show/7266577
2026-05-20 21:19:59,081 [INFO] [5] Scraped: https://avtoelon.uz/a/show/7266568
2026-05-20 21:20:16,532 [WARNING] Timeout on https://avtoelon.uz/a/show/7238488 (attempt 1)
2026-05-20 21:20:22,316 [INFO] [6] Scraped: https://avtoelon.uz/a/show/7238488
2026-05-20 21:20:26,457 [INFO] [7] Scraped: https://avtoelon.uz/a/show/7252357
2026-05-20 21:20:30,705 [INFO] [8] Scraped: https://avtoelon.uz/a/show/7219175
2026-05-20 21:20:35,689 [INFO] [9] Scraped: https://avtoelon.uz/a/show/6924680
2026-05-20 21:20:41,652 [INFO] [10] Scraped: https://avtoelon.uz/a/show/7266584
2026-05-20 21:20:57,209 [INFO] [11] Scraped: https://avtoelon.uz/a/show/7117052
2026-05-20 21:21:06,181 [INFO] [12] Scraped: https://avtoelon.uz/a/show/7230166
2026-05-20 21:21:11,143 [INFO] [13] Scraped: https://avtoelon.uz/a/show/7268707
2026-05-20 21:21:25,564 [INFO] [14] Scraped: https://avtoelon.uz/a/show/7164288
2026-05-20 21:21:32,464 [INFO] [15] Scraped: https://avtoelon.uz/a/show/7240838
2026-05-20 21:21:36,279 [INFO] [16] Scraped: https://avtoelon.uz/a/show/7119755
2026-05-20 21:21:38,964 [INFO] [17] Scraped: https://avtoelon.uz/a/show/7097092
2026-05-20 21:21:41,653 [INFO] [18] Scraped: https://avtoelon.uz/a/show/7238207
2026-05-20 21:21:44,625 [INFO] [19] Scraped: https://avtoelon.uz/a/show/7230155
2026-05-20 21:22:02,505 [WARNING] Timeout on https://avtoelon.uz/a/show/7200755 (attempt 1)
2026-05-20 21:22:21,758 [WARNING] Timeout on https://avtoelon.uz/a/show/7200755 (attempt 2)
2026-05-20 21:22:54,279 [WARNING] Timeout on https://avtoelon.uz/a/show/7200755 (attempt 3)
2026-05-20 21:23:12,335 [INFO] [20] Scraped: https://avtoelon.uz/a/show/7200755
2026-05-20 21:23:18,614 [INFO] [21] Scraped: https://avtoelon.uz/a/show/7268376
2026-05-20 21:23:25,243 [INFO] [22] Scraped: https://avtoelon.uz/a/show/7251762
2026-05-20 21:23:30,501 [INFO] [23] Scraped: https://avtoelon.uz/a/show/7243443
2026-05-20 21:23:33,037 [INFO] [24] Scraped: https://avtoelon.uz/a/show/7097581
2026-05-20 21:23:49,694 [WARNING] Timeout on https://avtoelon.uz/a/show/7219428 (attempt 1)
2026-05-20 21:23:51,465 [INFO] [25] Scraped: https://avtoelon.uz/a/show/7219428
2026-05-20 21:23:54,529 [INFO] [26] Scraped: https://avtoelon.uz/a/show/7092097
2026-05-20 21:23:58,058 [INFO] [27] Scraped: https://avtoelon.uz/a/show/7268394
2026-05-20 21:24:00,398 [INFO] [28] Scraped: https://avtoelon.uz/a/show/7217928
2026-05-20 21:24:03,159 [INFO] [29] Scraped: https://avtoelon.uz/a/show/7267167
2026-05-20 21:24:05,891 [INFO] Saved 29 new rows → scraper/data/avtoelon_car_data.csv (total 109)
2026-05-20 21:24:05,892 [INFO] Finished page 1/5 — 29 new total
2026-05-20 21:24:10,445 [INFO] Page 2: found 30 listing URLs
2026-05-20 21:24:11,194 [INFO] [30] Scraped: https://avtoelon.uz/a/show/7198634
2026-05-20 21:24:14,154 [INFO] [31] Scraped: https://avtoelon.uz/a/show/7254810
2026-05-20 21:24:17,117 [INFO] [32] Scraped: https://avtoelon.uz/a/show/7266193
2026-05-20 21:24:19,907 [INFO] [33] Scraped: https://avtoelon.uz/a/show/7234896
2026-05-20 21:24:23,474 [INFO] [34] Scraped: https://avtoelon.uz/a/show/6896361
2026-05-20 21:24:27,056 [INFO] [35] Scraped: https://avtoelon.uz/a/show/6800158
2026-05-20 21:24:28,930 [INFO] Saved 6 new rows → scraper/data/avtoelon_car_data.csv (total 115)
2026-05-20 21:24:28,930 [INFO] Finished page 2/5 — 35 new total
2026-05-20 21:24:32,215 [INFO] Page 3: found 30 listing URLs
2026-05-20 21:24:33,041 [INFO] [36] Scraped: https://avtoelon.uz/a/show/7255217
2026-05-20 21:24:36,415 [INFO] [37] Scraped: https://avtoelon.uz/a/show/7240786
2026-05-20 21:24:40,003 [INFO] [38] Scraped: https://avtoelon.uz/a/show/7270993
2026-05-20 21:24:42,917 [INFO] [39] Scraped: https://avtoelon.uz/a/show/7260445
2026-05-20 21:24:45,932 [INFO] [40] Scraped: https://avtoelon.uz/a/show/7228051
2026-05-20 21:24:49,453 [INFO] [41] Scraped: https://avtoelon.uz/a/show/7264141
2026-05-20 21:24:52,331 [INFO] [42] Scraped: https://avtoelon.uz/a/show/7244007
2026-05-20 21:24:54,894 [INFO] [43] Scraped: https://avtoelon.uz/a/show/5908192
2026-05-20 21:24:57,987 [INFO] [44] Scraped: https://avtoelon.uz/a/show/7264144
2026-05-20 21:25:01,410 [INFO] [45] Scraped: https://avtoelon.uz/a/show/7264153
2026-05-20 21:25:03,939 [INFO] [46] Scraped: https://avtoelon.uz/a/show/7264039
2026-05-20 21:25:06,668 [INFO] [47] Scraped: https://avtoelon.uz/a/show/7268698
2026-05-20 21:25:09,347 [INFO] [48] Scraped: https://avtoelon.uz/a/show/6777708
2026-05-20 21:25:12,722 [INFO] [49] Scraped: https://avtoelon.uz/a/show/7101392
2026-05-20 21:25:15,740 [INFO] [50] Scraped: https://avtoelon.uz/a/show/7207239
2026-05-20 21:25:18,699 [INFO] [51] Scraped: https://avtoelon.uz/a/show/7257817
2026-05-20 21:25:21,283 [INFO] [52] Scraped: https://avtoelon.uz/a/show/7035304
2026-05-20 21:25:24,870 [INFO] [53] Scraped: https://avtoelon.uz/a/show/7212799
2026-05-20 21:25:27,211 [INFO] Saved 18 new rows → scraper/data/avtoelon_car_data.csv (total 133)
2026-05-20 21:25:27,213 [INFO] Finished page 3/5 — 53 new total
2026-05-20 21:25:32,219 [INFO] Page 4: found 30 listing URLs
2026-05-20 21:25:32,890 [INFO] [54] Scraped: https://avtoelon.uz/a/show/7249250
2026-05-20 21:25:36,275 [INFO] [55] Scraped: https://avtoelon.uz/a/show/7212554
2026-05-20 21:25:39,094 [INFO] [56] Scraped: https://avtoelon.uz/a/show/7255279
2026-05-20 21:25:42,362 [INFO] [57] Scraped: https://avtoelon.uz/a/show/7257805
2026-05-20 21:25:45,628 [INFO] [58] Scraped: https://avtoelon.uz/a/show/7146708
2026-05-20 21:25:49,173 [INFO] [59] Scraped: https://avtoelon.uz/a/show/7217507
2026-05-20 21:25:51,953 [INFO] [60] Scraped: https://avtoelon.uz/a/show/7270970
2026-05-20 21:25:55,351 [INFO] [61] Scraped: https://avtoelon.uz/a/show/7066448
2026-05-20 21:25:58,906 [INFO] [62] Scraped: https://avtoelon.uz/a/show/7225239
2026-05-20 21:26:01,781 [INFO] [63] Scraped: https://avtoelon.uz/a/show/7252280
2026-05-20 21:26:04,671 [INFO] [64] Scraped: https://avtoelon.uz/a/show/7252266
2026-05-20 21:26:07,316 [INFO] [65] Scraped: https://avtoelon.uz/a/show/7225268
2026-05-20 21:26:23,993 [WARNING] Timeout on https://avtoelon.uz/a/show/6969736 (attempt 1)
2026-05-20 21:26:25,759 [INFO] [66] Scraped: https://avtoelon.uz/a/show/6969736
2026-05-20 21:26:28,933 [INFO] [67] Scraped: https://avtoelon.uz/a/show/7259847
2026-05-20 21:26:31,451 [INFO] [68] Scraped: https://avtoelon.uz/a/show/7255171
2026-05-20 21:26:34,353 [INFO] [69] Scraped: https://avtoelon.uz/a/show/7255162
2026-05-20 21:26:37,538 [INFO] [70] Scraped: https://avtoelon.uz/a/show/7252232
2026-05-20 21:26:40,573 [INFO] [71] Scraped: https://avtoelon.uz/a/show/7210352
2026-05-20 21:26:42,712 [INFO] [72] Scraped: https://avtoelon.uz/a/show/7268420
2026-05-20 21:26:45,775 [INFO] [73] Scraped: https://avtoelon.uz/a/show/7212513
2026-05-20 21:26:48,079 [INFO] [74] Scraped: https://avtoelon.uz/a/show/6646593
2026-05-20 21:26:51,747 [INFO] [75] Scraped: https://avtoelon.uz/a/show/7117322
2026-05-20 21:26:56,917 [INFO] [76] Scraped: https://avtoelon.uz/a/show/6981150
2026-05-20 21:26:59,716 [INFO] [77] Scraped: https://avtoelon.uz/a/show/7204118
2026-05-20 21:27:02,565 [INFO] [78] Scraped: https://avtoelon.uz/a/show/7224873
2026-05-20 21:27:06,022 [INFO] [79] Scraped: https://avtoelon.uz/a/show/7232393
2026-05-20 21:27:08,436 [INFO] [80] Scraped: https://avtoelon.uz/a/show/7132372
2026-05-20 21:27:11,647 [INFO] [81] Scraped: https://avtoelon.uz/a/show/7224921
2026-05-20 21:27:14,282 [INFO] Saved 28 new rows → scraper/data/avtoelon_car_data.csv (total 161)
2026-05-20 21:27:14,283 [INFO] Finished page 4/5 — 81 new total
2026-05-20 21:27:17,220 [INFO] Page 5: found 30 listing URLs
2026-05-20 21:27:17,757 [INFO] [82] Scraped: https://avtoelon.uz/a/show/7225267
2026-05-20 21:27:20,852 [INFO] [83] Scraped: https://avtoelon.uz/a/show/7134262
2026-05-20 21:27:24,058 [INFO] [84] Scraped: https://avtoelon.uz/a/show/7212921
2026-05-20 21:27:27,627 [INFO] [85] Scraped: https://avtoelon.uz/a/show/7266135
2026-05-20 21:27:30,558 [INFO] [86] Scraped: https://avtoelon.uz/a/show/7171491
2026-05-20 21:27:32,821 [INFO] [87] Scraped: https://avtoelon.uz/a/show/7221846
2026-05-20 21:27:35,816 [INFO] [88] Scraped: https://avtoelon.uz/a/show/7160632
2026-05-20 21:27:39,264 [INFO] [89] Scraped: https://avtoelon.uz/a/show/7264117
2026-05-20 21:27:42,693 [INFO] [90] Scraped: https://avtoelon.uz/a/show/7203531
2026-05-20 21:27:46,240 [INFO] [91] Scraped: https://avtoelon.uz/a/show/7219242
2026-05-20 21:27:49,615 [INFO] [92] Scraped: https://avtoelon.uz/a/show/7257812
2026-05-20 21:27:52,473 [INFO] [93] Scraped: https://avtoelon.uz/a/show/7266408
2026-05-20 21:27:55,274 [INFO] [94] Scraped: https://avtoelon.uz/a/show/7235857
2026-05-20 21:27:58,249 [INFO] [95] Scraped: https://avtoelon.uz/a/show/7266016
2026-05-20 21:28:01,547 [INFO] [96] Scraped: https://avtoelon.uz/a/show/7264091
2026-05-20 21:28:04,917 [INFO] [97] Scraped: https://avtoelon.uz/a/show/7268663
2026-05-20 21:28:07,818 [INFO] [98] Scraped: https://avtoelon.uz/a/show/7222804
2026-05-20 21:28:13,261 [INFO] [99] Scraped: https://avtoelon.uz/a/show/7264074
2026-05-20 21:28:18,776 [INFO] [100] Scraped: https://avtoelon.uz/a/show/7112687
2026-05-20 21:28:22,868 [INFO] [101] Scraped: https://avtoelon.uz/a/show/7225226
2026-05-20 21:28:24,830 [INFO] Saved 20 new rows → scraper/data/avtoelon_car_data.csv (total 181)
2026-05-20 21:28:24,830 [INFO] Finished page 5/5 — 101 new total
2026-05-20 21:28:26,454 [INFO] Done. Total new listings scraped: 101
