2026-05-21 13:11:41,859 [INFO] [olx_scraper.py:242] Loaded 0 existing ad URLs from /Users/javohireshonov/Desktop/Study/Projects/Uzbekistan car postings /scraper/data/olx_car_data_test.csv
2026-05-21 13:11:41,861 [INFO] [olx_scraper.py:773] ============================================================
2026-05-21 13:11:41,861 [INFO] [olx_scraper.py:774] Unified OLX.uz Scraper Started
2026-05-21 13:11:41,861 [INFO] [olx_scraper.py:776] TEST MODE — will stop after 2 new listings
2026-05-21 13:11:41,861 [INFO] [olx_scraper.py:777] ============================================================
2026-05-21 13:11:53,493 [INFO] [olx_scraper.py:332] Selenium Chrome driver successfully initialized
2026-05-21 13:11:53,496 [INFO] [olx_scraper.py:804] Processing price range 1/35: 1000 to 2000 USD
2026-05-21 13:11:53,497 [INFO] [olx_scraper.py:816] Checking search result page 1 for range 1000-2000
2026-05-21 13:11:55,129 [INFO] [olx_scraper.py:859] Scraping detail page: daewoo-super-salon-ID4joUY.html
2026-05-21 13:12:06,829 [INFO] [olx_scraper.py:859] Scraping detail page: damas-sotiladi-yuk-tashishga-mojallangan-ID4ntq5.html
2026-05-21 13:12:17,490 [INFO] [olx_scraper.py:859] Scraping detail page: toyota-sotiladi-propanli-ID4lf6k.html
2026-05-21 13:12:28,287 [INFO] [olx_scraper.py:859] Scraping detail page: zhiguli-07-1994-mator-06-gaz-ID3j4nX.html
2026-05-21 13:12:39,296 [INFO] [olx_scraper.py:859] Scraping detail page: volga-volga-volga-ID3UdZE.html
2026-05-21 13:12:51,049 [INFO] [olx_scraper.py:859] Scraping detail page: jiguli-lada-yili-2000-ID48D17.html
2026-05-21 13:13:03,117 [INFO] [olx_scraper.py:859] Scraping detail page: tiko-mashinasi-so-ID36DlF.html
2026-05-21 13:13:14,566 [INFO] [olx_scraper.py:859] Scraping detail page: vaz-2106-sotiladi-varyant-yoq-ID3hAPx.html
2026-05-21 13:13:25,772 [WARNING] [olx_scraper.py:841] Too many continuous parse failures — performing browser hard restart
2026-05-21 13:13:25,774 [INFO] [olx_scraper.py:342] Closing active Chrome driver instance...
2026-05-21 13:13:28,176 [INFO] [olx_scraper.py:332] Selenium Chrome driver successfully initialized
2026-05-21 13:13:38,188 [INFO] [olx_scraper.py:859] Scraping detail page: tico-sotiladi-kelishinadi-ID2DczS.html
2026-05-21 13:13:38,195 [WARNING] [olx_scraper.py:682] WebDriver session lost — reinitializing Chrome
2026-05-21 13:13:38,195 [INFO] [olx_scraper.py:342] Closing active Chrome driver instance...
2026-05-21 13:13:39,153 [INFO] [olx_scraper.py:332] Selenium Chrome driver successfully initialized
2026-05-21 13:13:48,248 [WARNING] [olx_scraper.py:682] WebDriver session lost — reinitializing Chrome
2026-05-21 13:13:48,249 [INFO] [olx_scraper.py:342] Closing active Chrome driver instance...
2026-05-21 13:13:49,535 [INFO] [olx_scraper.py:332] Selenium Chrome driver successfully initialized
2026-05-21 13:13:52,296 [INFO] [olx_scraper.py:859] Scraping detail page: prodam-volkswagen-jetta-ID4kpvN.html
2026-05-21 13:14:25,938 [WARNING] [olx_scraper.py:674] Timeout loading detail page: https://olx.uz/d/obyavlenie/prodam-volkswagen-jetta-ID4kpvN.html (attempt 3)
2026-05-21 13:14:31,451 [INFO] [olx_scraper.py:859] Scraping detail page: prodaetsya-neksia-ID4nzcN.html
2026-05-21 13:14:37,021 [INFO] [olx_scraper.py:898] Target test limit of 2 records reached. Stopping scraper.
2026-05-21 13:14:37,027 [INFO] [olx_scraper.py:303] Saved batch of 2 items → /Users/javohireshonov/Desktop/Study/Projects/Uzbekistan car postings /scraper/data/olx_car_data_test.csv (total 2)
2026-05-21 13:14:37,027 [INFO] [olx_scraper.py:342] Closing active Chrome driver instance...
2026-05-21 13:14:37,248 [INFO] [olx_scraper.py:908] OLX Scraper finished successfully. Scraped 2 new listing records.
2026-05-21 13:14:58,649 [INFO] [olx_scraper.py:242] Loaded 2 existing ad URLs from /Users/javohireshonov/Desktop/Study/Projects/Uzbekistan car postings /scraper/data/olx_car_data_test.csv
2026-05-21 13:14:58,649 [INFO] [olx_scraper.py:773] ============================================================
2026-05-21 13:14:58,649 [INFO] [olx_scraper.py:774] Unified OLX.uz Scraper Started
2026-05-21 13:14:58,649 [INFO] [olx_scraper.py:776] TEST MODE — will stop after 2 new listings
2026-05-21 13:14:58,649 [INFO] [olx_scraper.py:777] ============================================================
2026-05-21 13:15:00,445 [INFO] [olx_scraper.py:332] Selenium Chrome driver successfully initialized
2026-05-21 13:15:00,445 [INFO] [olx_scraper.py:804] Processing price range 1/35: 1000 to 2000 USD
2026-05-21 13:15:00,445 [INFO] [olx_scraper.py:816] Checking search result page 1 for range 1000-2000
2026-05-21 13:15:01,934 [INFO] [olx_scraper.py:859] Scraping detail page: samara-21099-sotiladi-srochna-ID4ntsc.html
2026-05-21 13:15:14,635 [INFO] [olx_scraper.py:859] Scraping detail page: mashina-otlichno-kap-remont-mator-kapitanay-otlichnoe-ID4n6XR.html
2026-05-21 13:15:32,119 [INFO] [olx_scraper.py:898] Target test limit of 2 records reached. Stopping scraper.
2026-05-21 13:15:32,125 [INFO] [olx_scraper.py:303] Saved batch of 2 items → /Users/javohireshonov/Desktop/Study/Projects/Uzbekistan car postings /scraper/data/olx_car_data_test.csv (total 4)
2026-05-21 13:15:32,125 [INFO] [olx_scraper.py:342] Closing active Chrome driver instance...
2026-05-21 13:15:32,316 [INFO] [olx_scraper.py:908] OLX Scraper finished successfully. Scraped 2 new listing records.
2026-05-21 13:47:53,315 [INFO] [olx_scraper.py:242] Loaded 4 existing ad URLs from /Users/javohireshonov/Desktop/Study/Projects/Uzbekistan car postings /scraper/data/olx_car_data_test.csv
2026-05-21 13:47:53,315 [INFO] [olx_scraper.py:773] ============================================================
2026-05-21 13:47:53,315 [INFO] [olx_scraper.py:774] Unified OLX.uz Scraper Started
2026-05-21 13:47:53,315 [INFO] [olx_scraper.py:776] TEST MODE — will stop after 2 new listings
2026-05-21 13:47:53,315 [INFO] [olx_scraper.py:777] ============================================================
2026-05-21 13:47:55,998 [INFO] [olx_scraper.py:332] Selenium Chrome driver successfully initialized
2026-05-21 13:47:55,998 [INFO] [olx_scraper.py:804] Processing price range 1/35: 1000 to 2000 USD
2026-05-21 13:47:55,998 [INFO] [olx_scraper.py:816] Checking search result page 1 for range 1000-2000
2026-05-21 13:47:57,706 [INFO] [olx_scraper.py:859] Scraping detail page: matiz-mashinasi-juda-zor-yuradi-ID4mVj1.html
2026-05-21 13:48:31,845 [WARNING] [olx_scraper.py:674] Timeout loading detail page: https://olx.uz/d/obyavlenie/matiz-mashinasi-juda-zor-yuradi-ID4mVj1.html (attempt 3)
2026-05-21 13:48:38,523 [INFO] [olx_scraper.py:859] Scraping detail page: yunsobod-zenita-avtamabil-sotiladi-yili-2000-ID4mGRP.html
2026-05-21 13:48:44,598 [INFO] [olx_scraper.py:898] Target test limit of 2 records reached. Stopping scraper.
2026-05-21 13:48:44,607 [INFO] [olx_scraper.py:303] Saved batch of 2 items → /Users/javohireshonov/Desktop/Study/Projects/Uzbekistan car postings /scraper/data/olx_car_data_test.csv (total 6)
2026-05-21 13:48:44,608 [INFO] [olx_scraper.py:342] Closing active Chrome driver instance...
2026-05-21 13:48:44,858 [INFO] [olx_scraper.py:908] OLX Scraper finished successfully. Scraped 2 new listing records.
